###############################################################
#  Generated by:      Cadence Innovus 17.11-s080_1
#  OS:                Linux x86_64(Host ID localhost.localdomain)
#  Generated on:      Mon Oct 19 18:49:58 2020
#  Design:            dlx_syn
#  Command:           verifyGeometry
###############################################################

SHORT: Regular Via of Net btb_cache_data_out_read[31] & Regular Wire of Net btb_cache_rw_address[0]  ( metal1 )
Bounds : ( 0.250, 0.175 ) ( 0.320, 0.245 )


SPACING: Regular Wire of Net dcache_data_in[0] & Regular Wire of Net btb_cache_data_out_read[31]  ( metal1 )
Bounds : ( 0.250, 0.280 ) ( 0.320, 0.315 )
Actual:     0.035     Min:     0.065



Begin Summary ...
  Cells       : 0
  SameNet     : 0
  Wiring      : 1
  Antenna     : 0
  Short       : 1
  Overlap     : 0
End Summary

  Total Violations : 2 Viols.
